<?xml version="1.0" encoding="UTF-8"?>
<!-- Generated by org.testng.reporters.JUnitReportReporter -->
<testsuite hostname="CAP-1141" name="tc_Executions.Execution" tests="1" failures="0" timestamp="20 Jan 2017 08:43:36 GMT" time="67.196" errors="0">
  <testcase name="Customers" time="67.196" classname="tc_Executions.Execution"/>
</testsuite> <!-- tc_Executions.Execution -->
