<?xml version="1.0" encoding="UTF-8"?>
<!-- Generated by org.testng.reporters.JUnitReportReporter -->
<testsuite hostname="CAP-1141" name="commonFunctionalities.Login_App" tests="1" failures="0" timestamp="17 Jan 2017 16:47:32 GMT" time="162.850" errors="0">
  <testcase name="Login_TC_23795" time="162.850" classname="commonFunctionalities.Login_App"/>
</testsuite> <!-- commonFunctionalities.Login_App -->
