<?xml version="1.0" encoding="UTF-8"?>
<!-- Generated by org.testng.reporters.JUnitReportReporter -->
<testsuite hostname="CAP-1141" name="commonFunctionalities.Login" tests="1" failures="0" timestamp="17 Jan 2017 17:32:01 GMT" time="55.545" errors="0">
  <testcase name="Login_TC_23795" time="55.545" classname="commonFunctionalities.Login"/>
</testsuite> <!-- commonFunctionalities.Login -->
